{"message":"Server listening at http://localhost:3000","level":"info"}
{"message":"Server listening at http://localhost:3000","level":"info"}
{"message":"Server listening at http://localhost:3000","level":"info"}
{"message":"Server listening at http://localhost:3000","level":"info"}
{"message":"Server listening at http://localhost:3000","level":"info"}
{"message":"Server listening at http://localhost:3000","level":"info"}
{"message":"Server listening at http://localhost:3000","level":"info"}
{"message":"Server listening at http://localhost:3000","level":"info"}
{"message":"Server listening at http://localhost:3000","level":"info"}
{"message":"Server listening at http://localhost:3000","level":"info"}
{"message":"Server listening at http://localhost:3000","level":"info"}
{"message":"Server listening at http://localhost:3000","level":"info"}
{"message":"Server listening at http://localhost:3000","level":"info"}
{"message":"Server listening at http://localhost:3000","level":"info"}
{"message":"Server listening at http://localhost:3000","level":"info"}
{"message":"Server listening at http://localhost:3000","level":"info"}
{"message":"Server listening at http://localhost:3000","level":"info"}
{"message":"Server listening at http://localhost:3000","level":"info"}
{"message":"Server listening at http://localhost:3000","level":"info"}
{"message":"Server listening at http://localhost:3000","level":"info"}
{"message":"Server listening at http://localhost:3000","level":"info"}
{"message":"Server listening at http://localhost:3000","level":"info"}
{"message":"Server listening at http://localhost:3000","level":"info"}
{"code":"ERR_HTTP_HEADERS_SENT","level":"error"}
{"message":"Server listening at http://localhost:3000","level":"info"}
{"message":"Server listening at http://localhost:3000","level":"info"}
{"message":"Server listening at http://localhost:3000","level":"info"}
{"message":"Server listening at http://localhost:3000","level":"info"}
{"message":"Server listening at http://localhost:3000","level":"info"}
{"message":"Server listening at http://localhost:3000","level":"info"}
{"message":"Server listening at http://localhost:3000","level":"info"}
{"message":"Server listening at http://localhost:3000","level":"info"}
{"message":"Server listening at http://localhost:3000","level":"info"}
{"message":"Server listening at http://localhost:3000","level":"info"}
{"message":"Server listening at http://localhost:3000","level":"info"}
{"message":"Server listening at http://localhost:3000","level":"info"}
{"message":"Server listening at http://localhost:3000","level":"info"}
{"message":"Server listening at http://localhost:3000","level":"info"}
{"level":"error"}
{"message":"Server listening at http://localhost:3000","level":"info"}
{"message":"Server listening at http://localhost:3000","level":"info"}
{"message":"Server listening at http://localhost:3000","level":"info"}
{"message":"Server listening at http://localhost:3000","level":"info"}
{"message":"Server listening at http://localhost:3000","level":"info"}
{"message":"Server listening at http://localhost:3000","level":"info"}
{"message":"Server listening at http://localhost:3000","level":"info"}
{"message":"Server listening at http://localhost:3000","level":"info"}
{"message":"Server listening at http://localhost:3000","level":"info"}
{"message":"Server listening at http://localhost:3000","level":"info"}
{"message":"Server listening at http://localhost:3000","level":"info"}
{"message":"Server listening at http://localhost:3000","level":"info"}
{"message":"Server listening at http://localhost:3000","level":"info"}
{"message":"Server listening at http://localhost:3000","level":"info"}
{"message":"Server listening at http://localhost:3000","level":"info"}
{"message":"Server listening at http://localhost:3000","level":"info"}
{"message":"Server listening at http://localhost:3000","level":"info"}
{"message":"Server listening at http://localhost:3000","level":"info"}
{"message":"Server listening at http://localhost:3000","level":"info"}
{"message":"Server listening at http://localhost:3000","level":"info"}
{"message":"Server listening at http://localhost:3000","level":"info"}
{"message":"Server listening at http://localhost:3000","level":"info"}
{"message":"Server listening at http://localhost:3000","level":"info"}
{"message":"Server listening at http://localhost:3000","level":"info"}
{"message":"Server listening at http://localhost:3000","level":"info"}
{"message":"Server listening at http://localhost:3000","level":"info"}
{"message":"Server listening at http://localhost:3000","level":"info"}
{"message":"Server listening at http://localhost:3000","level":"info"}
{"message":"Server listening at http://localhost:3000","level":"info"}
{"message":"Server listening at http://localhost:3000","level":"info"}
{"message":"Server listening at http://localhost:3000","level":"info"}
{"message":"Server listening at http://localhost:3000","level":"info"}
{"message":"Server listening at http://localhost:3000","level":"info"}
{"message":"Server listening at http://localhost:3000","level":"info"}
{"message":"Server listening at http://localhost:3000","level":"info"}
{"message":"Server listening at http://localhost:3000","level":"info"}
{"message":"Server listening at http://localhost:3000","level":"info"}
{"message":"Server listening at http://localhost:3000","level":"info"}
{"message":"Server listening at http://localhost:3000","level":"info"}
{"message":"Server listening at http://localhost:3000","level":"info"}
{"message":"Server listening at http://localhost:3000","level":"info"}
{"length":176,"name":"error","severity":"ERROR","code":"22P02","file":"d:\\pginstaller_12.auto\\postgres.windows-x64\\src\\backend\\utils\\adt\\numutils.c","line":"259","routine":"pg_strtoint32","level":"error"}
{"message":"Server listening at http://localhost:3000","level":"info"}
{"length":176,"name":"error","severity":"ERROR","code":"22P02","file":"d:\\pginstaller_12.auto\\postgres.windows-x64\\src\\backend\\utils\\adt\\numutils.c","line":"259","routine":"pg_strtoint32","level":"error"}
{"message":"Server listening at http://localhost:3000","level":"info"}
{"message":"Server listening at http://localhost:3000","level":"info"}
{"message":"Server listening at http://localhost:3000","level":"info"}
{"message":"Server listening at http://localhost:3000","level":"info"}
{"message":"Server listening at http://localhost:3000","level":"info"}
{"level":"error"}
{"level":"error"}
{"level":"error"}
{"level":"error"}
{"level":"error"}
{"level":"error"}
{"message":"Server listening at http://localhost:3000","level":"info"}
{"level":"error"}
{"level":"error"}
{"message":"Server listening at http://localhost:3000","level":"info"}
{"message":"Server listening at http://localhost:3000","level":"info"}
{"length":176,"name":"error","severity":"ERROR","code":"22P02","file":"d:\\pginstaller_12.auto\\postgres.windows-x64\\src\\backend\\utils\\adt\\numutils.c","line":"259","routine":"pg_strtoint32","level":"error"}
{"message":"Server listening at http://localhost:3000","level":"info"}
{"length":176,"name":"error","severity":"ERROR","code":"22P02","file":"d:\\pginstaller_12.auto\\postgres.windows-x64\\src\\backend\\utils\\adt\\numutils.c","line":"259","routine":"pg_strtoint32","level":"error"}
{"message":"Server listening at http://localhost:3000","level":"info"}
{"message":"Server listening at http://localhost:3000","level":"info"}
{"length":176,"name":"error","severity":"ERROR","code":"22P02","file":"d:\\pginstaller_12.auto\\postgres.windows-x64\\src\\backend\\utils\\adt\\numutils.c","line":"259","routine":"pg_strtoint32","level":"error"}
{"length":176,"name":"error","severity":"ERROR","code":"22P02","file":"d:\\pginstaller_12.auto\\postgres.windows-x64\\src\\backend\\utils\\adt\\numutils.c","line":"259","routine":"pg_strtoint32","level":"error"}
{"length":176,"name":"error","severity":"ERROR","code":"22P02","file":"d:\\pginstaller_12.auto\\postgres.windows-x64\\src\\backend\\utils\\adt\\numutils.c","line":"259","routine":"pg_strtoint32","level":"error"}
{"message":"Server listening at http://localhost:3000","level":"info"}
{"message":"Server listening at http://localhost:3000","level":"info"}
{"message":"Server listening at http://localhost:3000","level":"info"}
{"length":176,"name":"error","severity":"ERROR","code":"22P02","file":"d:\\pginstaller_12.auto\\postgres.windows-x64\\src\\backend\\utils\\adt\\numutils.c","line":"259","routine":"pg_strtoint32","level":"error"}
{"message":"Server listening at http://localhost:3000","level":"info"}
{"length":176,"name":"error","severity":"ERROR","code":"22P02","file":"d:\\pginstaller_12.auto\\postgres.windows-x64\\src\\backend\\utils\\adt\\numutils.c","line":"259","routine":"pg_strtoint32","level":"error"}
{"message":"Server listening at http://localhost:3000","level":"info"}
{"message":"Server listening at http://localhost:3000","level":"info"}
{"message":"Server listening at http://localhost:3000","level":"info"}
{"message":"Server listening at http://localhost:3000","level":"info"}
{"message":"Server listening at http://localhost:3000","level":"info"}
{"message":"Server listening at http://localhost:3000","level":"info"}
{"message":"Server listening at http://localhost:3000","level":"info"}
{"message":"Server listening at http://localhost:3000","level":"info"}
{"message":"Server listening at http://localhost:3000","level":"info"}
{"message":"Server listening at http://localhost:3000","level":"info"}
{"message":"Server listening at http://localhost:3000","level":"info"}
{"message":"Server listening at http://localhost:3000","level":"info"}
{"message":"Server listening at http://localhost:3000","level":"info"}
{"message":"Server listening at http://localhost:3000","level":"info"}
{"message":"Server listening at http://localhost:3000","level":"info"}
{"message":"Server listening at http://localhost:3000","level":"info"}
{"message":"Server listening at http://localhost:3000","level":"info"}
{"message":"Server listening at http://localhost:3000","level":"info"}
{"message":"Server listening at http://localhost:3000","level":"info"}
{"message":"Server listening at http://localhost:3000","level":"info"}
{"message":"Server listening at http://localhost:3000","level":"info"}
{"message":"Server listening at http://localhost:3000","level":"info"}
{"message":"Server listening at http://localhost:3000","level":"info"}
{"message":"Server listening at http://localhost:3000","level":"info"}
{"message":"Server listening at http://localhost:3000","level":"info"}
{"message":"Server listening at http://localhost:3000","level":"info"}
{"message":"Server listening at http://localhost:3000","level":"info"}
{"message":"Server listening at http://localhost:3000","level":"info"}
{"message":"Server listening at http://localhost:3000","level":"info"}
{"message":"Server listening at http://localhost:3000","level":"info"}
{"message":"Server listening at http://localhost:3000","level":"info"}
{"message":"Server listening at http://localhost:3000","level":"info"}
{"message":"Server listening at http://localhost:3000","level":"info"}
{"message":"Server listening at http://localhost:3000","level":"info"}
{"message":"Server listening at http://localhost:3000","level":"info"}
{"message":"Server listening at http://localhost:3000","level":"info"}
{"message":"Server listening at http://localhost:3000","level":"info"}
{"message":"Server listening at http://localhost:3000","level":"info"}
{"message":"Server listening at http://localhost:3000","level":"info"}
{"message":"Server listening at http://localhost:3000","level":"info"}
{"message":"Server listening at http://localhost:3000","level":"info"}
{"message":"Server listening at http://localhost:3000","level":"info"}
{"length":206,"name":"error","severity":"ERROR","code":"42703","position":"30","file":"d:\\pginstaller_12.auto\\postgres.windows-x64\\src\\backend\\parser\\analyze.c","line":"2333","routine":"transformUpdateTargetList","level":"error"}
{"length":206,"name":"error","severity":"ERROR","code":"42703","position":"30","file":"d:\\pginstaller_12.auto\\postgres.windows-x64\\src\\backend\\parser\\analyze.c","line":"2333","routine":"transformUpdateTargetList","level":"error"}
{"message":"Server listening at http://localhost:3000","level":"info"}
{"length":206,"name":"error","severity":"ERROR","code":"42703","position":"30","file":"d:\\pginstaller_12.auto\\postgres.windows-x64\\src\\backend\\parser\\analyze.c","line":"2333","routine":"transformUpdateTargetList","level":"error"}
{"length":206,"name":"error","severity":"ERROR","code":"42703","position":"30","file":"d:\\pginstaller_12.auto\\postgres.windows-x64\\src\\backend\\parser\\analyze.c","line":"2333","routine":"transformUpdateTargetList","level":"error"}
{"message":"Server listening at http://localhost:3000","level":"info"}
{"message":"Server listening at http://localhost:3000","level":"info"}
{"message":"Server listening at http://localhost:3000","level":"info"}
{"message":"Server listening at http://localhost:3000","level":"info"}
{"message":"Server listening at http://localhost:3000","level":"info"}
{"message":"Server listening at http://localhost:3000","level":"info"}
{"message":"Server listening at http://localhost:3000","level":"info"}
{"message":"Server listening at http://localhost:3000","level":"info"}
{"message":"Server listening at http://localhost:3000","level":"info"}
{"message":"Server listening at http://localhost:3000","level":"info"}
{"message":"Server listening at http://localhost:3000","level":"info"}
{"message":"Server listening at http://localhost:3000","level":"info"}
{"message":"Server listening at http://localhost:3000","level":"info"}
{"message":"Server listening at http://localhost:3000","level":"info"}
{"message":"Server listening at http://localhost:3000","level":"info"}
{"message":"Server listening at http://localhost:3000","level":"info"}
{"message":"Server listening at http://localhost:3000","level":"info"}
{"message":"Server listening at http://localhost:3000","level":"info"}
{"message":"Server listening at http://localhost:3000","level":"info"}
{"message":"Server listening at http://localhost:3000","level":"info"}
{"message":"Server listening at http://localhost:3000","level":"info"}
{"message":"Server listening at http://localhost:3000","level":"info"}
{"message":"Server listening at http://localhost:3000","level":"info"}
{"message":"Server listening at http://localhost:3000","level":"info"}
{"message":"Server listening at http://localhost:3000","level":"info"}
{"message":"Server listening at http://localhost:3000","level":"info"}
{"message":"Server listening at http://localhost:3000","level":"info"}
{"message":"Server listening at http://localhost:3000","level":"info"}
{"message":"Server listening at http://localhost:3000","level":"info"}
{"message":"Server listening at http://localhost:3000","level":"info"}
{"message":"Server listening at http://localhost:3000","level":"info"}
{"message":"Server listening at http://localhost:3000","level":"info"}
{"message":"Server listening at http://localhost:3000","level":"info"}
{"message":"Server listening at http://localhost:3000","level":"info"}
{"message":"Server listening at http://localhost:3000","level":"info"}
{"message":"Server listening at http://localhost:3000","level":"info"}
{"message":"Server listening at http://localhost:3000","level":"info"}
{"length":356,"name":"error","severity":"ERROR","code":"23503","detail":"Key (folder_id)=(1) is not present in table \"noteful_folders\".","schema":"public","table":"noteful_notes","constraint":"noteful_notes_folder_id_fkey","file":"d:\\pginstaller_12.auto\\postgres.windows-x64\\src\\backend\\utils\\adt\\ri_triggers.c","line":"2474","routine":"ri_ReportViolation","level":"error"}
{"message":"Server listening at http://localhost:3000","level":"info"}
{"message":"Server listening at http://localhost:3000","level":"info"}
{"message":"Server listening at http://localhost:3000","level":"info"}
{"length":356,"name":"error","severity":"ERROR","code":"23503","detail":"Key (folder_id)=(1) is not present in table \"noteful_folders\".","schema":"public","table":"noteful_notes","constraint":"noteful_notes_folder_id_fkey","file":"d:\\pginstaller_12.auto\\postgres.windows-x64\\src\\backend\\utils\\adt\\ri_triggers.c","line":"2474","routine":"ri_ReportViolation","level":"error"}
{"message":"Server listening at http://localhost:3000","level":"info"}
{"length":356,"name":"error","severity":"ERROR","code":"23503","detail":"Key (folder_id)=(1) is not present in table \"noteful_folders\".","schema":"public","table":"noteful_notes","constraint":"noteful_notes_folder_id_fkey","file":"d:\\pginstaller_12.auto\\postgres.windows-x64\\src\\backend\\utils\\adt\\ri_triggers.c","line":"2474","routine":"ri_ReportViolation","level":"error"}
{"message":"Server listening at http://localhost:3000","level":"info"}
{"message":"Server listening at http://localhost:3000","level":"info"}
{"message":"Server listening at http://localhost:3000","level":"info"}
{"message":"Server listening at http://localhost:3000","level":"info"}
{"message":"Server listening at http://localhost:3000","level":"info"}
{"message":"Server listening at http://localhost:3000","level":"info"}
{"length":356,"name":"error","severity":"ERROR","code":"23503","detail":"Key (folder_id)=(1) is not present in table \"noteful_folders\".","schema":"public","table":"noteful_notes","constraint":"noteful_notes_folder_id_fkey","file":"d:\\pginstaller_12.auto\\postgres.windows-x64\\src\\backend\\utils\\adt\\ri_triggers.c","line":"2474","routine":"ri_ReportViolation","level":"error"}
{"message":"Server listening at http://localhost:3000","level":"info"}
{"length":356,"name":"error","severity":"ERROR","code":"23503","detail":"Key (folder_id)=(1) is not present in table \"noteful_folders\".","schema":"public","table":"noteful_notes","constraint":"noteful_notes_folder_id_fkey","file":"d:\\pginstaller_12.auto\\postgres.windows-x64\\src\\backend\\utils\\adt\\ri_triggers.c","line":"2474","routine":"ri_ReportViolation","level":"error"}
{"message":"Server listening at http://localhost:3000","level":"info"}
{"message":"Server listening at http://localhost:3000","level":"info"}
{"message":"Server listening at http://localhost:3000","level":"info"}
{"message":"Server listening at http://localhost:3000","level":"info"}
{"message":"Server listening at http://localhost:3000","level":"info"}
{"message":"Server listening at http://localhost:3000","level":"info"}
{"message":"Server listening at http://localhost:3000","level":"info"}
{"message":"Server listening at http://localhost:3000","level":"info"}
{"message":"Server listening at http://localhost:3000","level":"info"}
{"message":"Server listening at http://localhost:3000","level":"info"}
{"message":"Server listening at http://localhost:3000","level":"info"}
{"message":"Server listening at http://localhost:3000","level":"info"}
{"message":"Server listening at http://localhost:3000","level":"info"}
{"message":"Server listening at http://localhost:3000","level":"info"}
{"message":"Server listening at http://localhost:3000","level":"info"}
{"message":"Server listening at http://localhost:3000","level":"info"}
{"message":"Server listening at http://localhost:3000","level":"info"}
{"message":"Server listening at http://localhost:3000","level":"info"}
{"message":"Server listening at http://localhost:3000","level":"info"}
{"message":"Server listening at http://localhost:3000","level":"info"}
{"message":"Server listening at http://localhost:3000","level":"info"}
{"message":"Server listening at http://localhost:3000","level":"info"}
{"message":"Server listening at http://localhost:3000","level":"info"}
{"message":"Server listening at http://localhost:3000","level":"info"}
{"message":"Server listening at http://localhost:3000","level":"info"}
{"message":"Server listening at http://localhost:3000","level":"info"}
{"message":"Server listening at http://localhost:3000","level":"info"}
{"message":"Server listening at http://localhost:3000","level":"info"}
{"message":"Server listening at http://localhost:3000","level":"info"}
{"message":"Server listening at http://localhost:3000","level":"info"}
{"message":"Server listening at http://localhost:3000","level":"info"}
{"message":"Server listening at http://localhost:3000","level":"info"}
{"message":"Server listening at http://localhost:3000","level":"info"}
{"message":"Server listening at http://localhost:3000","level":"info"}
{"message":"Server listening at http://localhost:3000","level":"info"}
{"message":"Server listening at http://localhost:3000","level":"info"}
{"message":"Server listening at http://localhost:3000","level":"info"}
{"message":"Server listening at http://localhost:3000","level":"info"}
{"message":"Server listening at http://localhost:3000","level":"info"}
{"message":"Server listening at http://localhost:3000","level":"info"}
{"message":"Server listening at http://localhost:3000","level":"info"}
{"message":"Server listening at http://localhost:3000","level":"info"}
{"message":"Server listening at http://localhost:3000","level":"info"}
{"message":"Server listening at http://localhost:3000","level":"info"}
{"message":"Server listening at http://localhost:3000","level":"info"}
{"message":"Server listening at http://localhost:3000","level":"info"}
{"message":"Server listening at http://localhost:3000","level":"info"}
{"message":"Server listening at http://localhost:3000","level":"info"}
{"message":"Server listening at http://localhost:3000","level":"info"}
{"message":"Server listening at http://localhost:3000","level":"info"}
{"message":"Server listening at http://localhost:3000","level":"info"}
{"message":"Server listening at http://localhost:3000","level":"info"}
{"message":"Server listening at http://localhost:3000","level":"info"}
{"message":"Server listening at http://localhost:3000","level":"info"}
{"message":"Server listening at http://localhost:3000","level":"info"}
{"message":"Server listening at http://localhost:3000","level":"info"}
{"message":"Server listening at http://localhost:3000","level":"info"}
{"message":"Server listening at http://localhost:3000","level":"info"}
{"message":"Server listening at http://localhost:3000","level":"info"}
{"message":"Server listening at http://localhost:3000","level":"info"}
{"message":"Server listening at http://localhost:3000","level":"info"}
{"message":"Server listening at http://localhost:3000","level":"info"}
{"message":"Server listening at http://localhost:3000","level":"info"}
{"message":"Server listening at http://localhost:3000","level":"info"}
{"level":"error"}
{"message":"Server listening at http://localhost:3000","level":"info"}
{"level":"error"}
{"level":"error"}
{"message":"Server listening at http://localhost:3000","level":"info"}
{"message":"Server listening at http://localhost:3000","level":"info"}
{"level":"error"}
{"message":"Server listening at http://localhost:3000","level":"info"}
{"message":"Server listening at http://localhost:3000","level":"info"}
{"message":"Server listening at http://localhost:3000","level":"info"}
{"message":"Server listening at http://localhost:3000","level":"info"}
{"message":"Server listening at http://localhost:3000","level":"info"}
{"message":"Server listening at http://localhost:3000","level":"info"}
{"message":"Server listening at http://localhost:3000","level":"info"}
{"message":"Server listening at http://localhost:3000","level":"info"}
{"message":"Server listening at http://localhost:3000","level":"info"}
{"message":"Server listening at http://localhost:3000","level":"info"}
{"message":"Server listening at http://localhost:3000","level":"info"}
{"message":"Server listening at http://localhost:3000","level":"info"}
{"message":"Server listening at http://localhost:3000","level":"info"}
{"message":"Server listening at http://localhost:3000","level":"info"}
{"message":"Server listening at http://localhost:3000","level":"info"}
{"message":"Server listening at http://localhost:3000","level":"info"}
{"message":"Server listening at http://localhost:3000","level":"info"}
{"message":"Server listening at http://localhost:3000","level":"info"}
{"message":"Server listening at http://localhost:3000","level":"info"}
{"message":"Server listening at http://localhost:3000","level":"info"}
{"message":"Server listening at http://localhost:3000","level":"info"}
{"message":"Server listening at http://localhost:3000","level":"info"}
{"message":"Server listening at http://localhost:3000","level":"info"}
{"message":"Server listening at http://localhost:3000","level":"info"}
{"message":"Server listening at http://localhost:3000","level":"info"}
{"message":"Server listening at http://localhost:3000","level":"info"}
{"message":"Server listening at http://localhost:3000","level":"info"}
{"message":"Server listening at http://localhost:3000","level":"info"}
{"message":"Server listening at http://localhost:3000","level":"info"}
{"message":"Server listening at http://localhost:3000","level":"info"}
{"message":"Server listening at http://localhost:3000","level":"info"}
{"message":"Server listening at http://localhost:3000","level":"info"}
{"message":"Server listening at http://localhost:3000","level":"info"}
{"message":"Server listening at http://localhost:3000","level":"info"}
{"message":"Server listening at http://localhost:3000","level":"info"}
{"message":"Server listening at http://localhost:3000","level":"info"}
{"message":"Server listening at http://localhost:3000","level":"info"}
{"message":"Server listening at http://localhost:3000","level":"info"}
{"message":"Server listening at http://localhost:3000","level":"info"}
{"message":"Server listening at http://localhost:3000","level":"info"}
{"message":"Server listening at http://localhost:3000","level":"info"}
{"message":"Server listening at http://localhost:3000","level":"info"}
{"message":"Server listening at http://localhost:3000","level":"info"}
{"message":"Server listening at http://localhost:3000","level":"info"}
{"message":"Server listening at http://localhost:3000","level":"info"}
{"message":"Server listening at http://localhost:3000","level":"info"}
{"message":"Server listening at http://localhost:3000","level":"info"}
{"message":"Server listening at http://localhost:3000","level":"info"}
{"message":"Server listening at http://localhost:3000","level":"info"}
